2021-11-10 13:49:57 0 [Note] InnoDB: Mutexes and rw_locks use Windows interlocked functions
2021-11-10 13:49:57 0 [Note] InnoDB: Uses event mutexes
2021-11-10 13:49:57 0 [Note] InnoDB: Compressed tables use zlib 1.2.11
2021-11-10 13:49:57 0 [Note] InnoDB: Number of pools: 1
2021-11-10 13:49:57 0 [Note] InnoDB: Using SSE2 crc32 instructions
2021-11-10 13:49:57 0 [Note] InnoDB: Initializing buffer pool, total size = 16M, instances = 1, chunk size = 16M
2021-11-10 13:49:57 0 [Note] InnoDB: Completed initialization of buffer pool
2021-11-10 13:49:57 0 [Note] InnoDB: Starting crash recovery from checkpoint LSN=300288
2021-11-10 13:49:57 0 [Note] InnoDB: 128 out of 128 rollback segments are active.
2021-11-10 13:49:57 0 [Note] InnoDB: Removed temporary tablespace data file: "ibtmp1"
2021-11-10 13:49:57 0 [Note] InnoDB: Creating shared tablespace for temporary tables
2021-11-10 13:49:57 0 [Note] InnoDB: Setting file 'C:\Users\miniluigi\ucfgithubproject\dig4104c-0077-group-8\develop-phase\xampp\mysql\data\ibtmp1' size to 12 MB. Physically writing the file full; Please wait ...
2021-11-10 13:49:57 0 [Note] InnoDB: File 'C:\Users\miniluigi\ucfgithubproject\dig4104c-0077-group-8\develop-phase\xampp\mysql\data\ibtmp1' size is now 12 MB.
2021-11-10 13:49:57 0 [Note] InnoDB: Waiting for purge to start
2021-11-10 13:49:57 0 [Note] InnoDB: 10.4.21 started; log sequence number 300297; transaction id 170
2021-11-10 13:49:57 0 [Note] InnoDB: Loading buffer pool(s) from C:\Users\miniluigi\ucfgithubproject\dig4104c-0077-group-8\develop-phase\xampp\mysql\data\ib_buffer_pool
2021-11-10 13:49:57 0 [Note] Plugin 'FEEDBACK' is disabled.
2021-11-10 13:49:57 0 [Note] Server socket created on IP: '::'.
2021-11-10 14:01:39 0 [Note] InnoDB: Mutexes and rw_locks use Windows interlocked functions
2021-11-10 14:01:39 0 [Note] InnoDB: Uses event mutexes
2021-11-10 14:01:39 0 [Note] InnoDB: Compressed tables use zlib 1.2.11
2021-11-10 14:01:39 0 [Note] InnoDB: Number of pools: 1
2021-11-10 14:01:39 0 [Note] InnoDB: Using SSE2 crc32 instructions
2021-11-10 14:01:39 0 [Note] InnoDB: Initializing buffer pool, total size = 16M, instances = 1, chunk size = 16M
2021-11-10 14:01:39 0 [Note] InnoDB: Completed initialization of buffer pool
2021-11-10 14:01:39 0 [Note] InnoDB: Starting crash recovery from checkpoint LSN=300306
2021-11-10 14:01:39 0 [Note] InnoDB: 128 out of 128 rollback segments are active.
2021-11-10 14:01:39 0 [Note] InnoDB: Removed temporary tablespace data file: "ibtmp1"
2021-11-10 14:01:39 0 [Note] InnoDB: Creating shared tablespace for temporary tables
2021-11-10 14:01:39 0 [Note] InnoDB: Setting file 'C:\Users\miniluigi\ucfgithubproject\dig4104c-0077-group-8\develop-phase\xampp\mysql\data\ibtmp1' size to 12 MB. Physically writing the file full; Please wait ...
2021-11-10 14:01:39 0 [Note] InnoDB: File 'C:\Users\miniluigi\ucfgithubproject\dig4104c-0077-group-8\develop-phase\xampp\mysql\data\ibtmp1' size is now 12 MB.
2021-11-10 14:01:39 0 [Note] InnoDB: Waiting for purge to start
2021-11-10 14:01:39 0 [Note] InnoDB: 10.4.21 started; log sequence number 300315; transaction id 170
2021-11-10 14:01:39 0 [Note] InnoDB: Loading buffer pool(s) from C:\Users\miniluigi\ucfgithubproject\dig4104c-0077-group-8\develop-phase\xampp\mysql\data\ib_buffer_pool
2021-11-10 14:01:39 0 [Note] Plugin 'FEEDBACK' is disabled.
2021-11-10 14:01:39 0 [Note] Server socket created on IP: '::'.
2021-11-10 14:21:22 0 [Note] InnoDB: Mutexes and rw_locks use Windows interlocked functions
2021-11-10 14:21:22 0 [Note] InnoDB: Uses event mutexes
2021-11-10 14:21:22 0 [Note] InnoDB: Compressed tables use zlib 1.2.11
2021-11-10 14:21:22 0 [Note] InnoDB: Number of pools: 1
2021-11-10 14:21:22 0 [Note] InnoDB: Using SSE2 crc32 instructions
2021-11-10 14:21:22 0 [Note] InnoDB: Initializing buffer pool, total size = 16M, instances = 1, chunk size = 16M
2021-11-10 14:21:22 0 [Note] InnoDB: Completed initialization of buffer pool
2021-11-10 14:21:22 0 [Note] InnoDB: Starting crash recovery from checkpoint LSN=307984
2021-11-10 14:21:22 0 [Note] InnoDB: 128 out of 128 rollback segments are active.
2021-11-10 14:21:22 0 [Note] InnoDB: Removed temporary tablespace data file: "ibtmp1"
2021-11-10 14:21:22 0 [Note] InnoDB: Creating shared tablespace for temporary tables
2021-11-10 14:21:22 0 [Note] InnoDB: Setting file 'C:\Users\miniluigi\ucfgithubproject\dig4104c-0077-group-8\develop-phase\xampp\mysql\data\ibtmp1' size to 12 MB. Physically writing the file full; Please wait ...
2021-11-10 14:21:22 0 [Note] InnoDB: File 'C:\Users\miniluigi\ucfgithubproject\dig4104c-0077-group-8\develop-phase\xampp\mysql\data\ibtmp1' size is now 12 MB.
2021-11-10 14:21:22 0 [Note] InnoDB: Waiting for purge to start
2021-11-10 14:21:22 0 [Note] InnoDB: 10.4.21 started; log sequence number 307993; transaction id 204
2021-11-10 14:21:22 0 [Note] InnoDB: Loading buffer pool(s) from C:\Users\miniluigi\ucfgithubproject\dig4104c-0077-group-8\develop-phase\xampp\mysql\data\ib_buffer_pool
2021-11-10 14:21:22 0 [Note] Plugin 'FEEDBACK' is disabled.
2021-11-10 14:21:22 0 [Note] Server socket created on IP: '::'.
2021-11-10 14:28:11 0 [Note] InnoDB: Mutexes and rw_locks use Windows interlocked functions
2021-11-10 14:28:11 0 [Note] InnoDB: Uses event mutexes
2021-11-10 14:28:11 0 [Note] InnoDB: Compressed tables use zlib 1.2.11
2021-11-10 14:28:11 0 [Note] InnoDB: Number of pools: 1
2021-11-10 14:28:11 0 [Note] InnoDB: Using SSE2 crc32 instructions
2021-11-10 14:28:11 0 [Note] InnoDB: Initializing buffer pool, total size = 16M, instances = 1, chunk size = 16M
2021-11-10 14:28:11 0 [Note] InnoDB: Completed initialization of buffer pool
2021-11-10 14:28:11 0 [Note] InnoDB: Starting crash recovery from checkpoint LSN=308610
2021-11-10 14:28:11 0 [Note] InnoDB: 128 out of 128 rollback segments are active.
2021-11-10 14:28:11 0 [Note] InnoDB: Removed temporary tablespace data file: "ibtmp1"
2021-11-10 14:28:11 0 [Note] InnoDB: Creating shared tablespace for temporary tables
2021-11-10 14:28:11 0 [Note] InnoDB: Setting file 'C:\Users\miniluigi\ucfgithubproject\dig4104c-0077-group-8\develop-phase\xampp\mysql\data\ibtmp1' size to 12 MB. Physically writing the file full; Please wait ...
2021-11-10 14:28:11 0 [Note] InnoDB: File 'C:\Users\miniluigi\ucfgithubproject\dig4104c-0077-group-8\develop-phase\xampp\mysql\data\ibtmp1' size is now 12 MB.
2021-11-10 14:28:11 0 [Note] InnoDB: Waiting for purge to start
2021-11-10 14:28:11 0 [Note] InnoDB: 10.4.21 started; log sequence number 308619; transaction id 215
2021-11-10 14:28:11 0 [Note] InnoDB: Loading buffer pool(s) from C:\Users\miniluigi\ucfgithubproject\dig4104c-0077-group-8\develop-phase\xampp\mysql\data\ib_buffer_pool
2021-11-10 14:28:11 0 [Note] Plugin 'FEEDBACK' is disabled.
2021-11-10 14:28:11 0 [Note] Server socket created on IP: '::'.
2021-11-10 14:29:17 0 [Note] InnoDB: Mutexes and rw_locks use Windows interlocked functions
2021-11-10 14:29:17 0 [Note] InnoDB: Uses event mutexes
2021-11-10 14:29:17 0 [Note] InnoDB: Compressed tables use zlib 1.2.11
2021-11-10 14:29:17 0 [Note] InnoDB: Number of pools: 1
2021-11-10 14:29:17 0 [Note] InnoDB: Using SSE2 crc32 instructions
2021-11-10 14:29:17 0 [Note] InnoDB: Initializing buffer pool, total size = 16M, instances = 1, chunk size = 16M
2021-11-10 14:29:17 0 [Note] InnoDB: Completed initialization of buffer pool
2021-11-10 14:29:17 0 [Note] InnoDB: Starting crash recovery from checkpoint LSN=308628
2021-11-10 14:29:17 0 [Note] InnoDB: 128 out of 128 rollback segments are active.
2021-11-10 14:29:17 0 [Note] InnoDB: Removed temporary tablespace data file: "ibtmp1"
2021-11-10 14:29:17 0 [Note] InnoDB: Creating shared tablespace for temporary tables
2021-11-10 14:29:17 0 [Note] InnoDB: Setting file 'C:\Users\miniluigi\ucfgithubproject\dig4104c-0077-group-8\develop-phase\xampp\mysql\data\ibtmp1' size to 12 MB. Physically writing the file full; Please wait ...
2021-11-10 14:29:17 0 [Note] InnoDB: File 'C:\Users\miniluigi\ucfgithubproject\dig4104c-0077-group-8\develop-phase\xampp\mysql\data\ibtmp1' size is now 12 MB.
2021-11-10 14:29:17 0 [Note] InnoDB: Waiting for purge to start
2021-11-10 14:29:18 0 [Note] InnoDB: 10.4.21 started; log sequence number 308637; transaction id 215
2021-11-10 14:29:18 0 [Note] InnoDB: Loading buffer pool(s) from C:\Users\miniluigi\ucfgithubproject\dig4104c-0077-group-8\develop-phase\xampp\mysql\data\ib_buffer_pool
2021-11-10 14:29:18 0 [Note] Plugin 'FEEDBACK' is disabled.
2021-11-10 14:29:18 0 [Note] Server socket created on IP: '::'.
2021-11-10 14:32:50 0 [Note] mysqld.exe: Aria engine: starting recovery
recovered pages: 0% 100% (0.0 seconds); tables to flush: 1 0
 (0.0 seconds); 
2021-11-10 14:32:50 0 [Note] mysqld.exe: Aria engine: recovery done
2021-11-10 14:32:50 0 [Note] InnoDB: Mutexes and rw_locks use Windows interlocked functions
2021-11-10 14:32:50 0 [Note] InnoDB: Uses event mutexes
2021-11-10 14:32:50 0 [Note] InnoDB: Compressed tables use zlib 1.2.11
2021-11-10 14:32:50 0 [Note] InnoDB: Number of pools: 1
2021-11-10 14:32:50 0 [Note] InnoDB: Using SSE2 crc32 instructions
2021-11-10 14:32:50 0 [Note] InnoDB: Initializing buffer pool, total size = 16M, instances = 1, chunk size = 16M
2021-11-10 14:32:50 0 [Note] InnoDB: Completed initialization of buffer pool
2021-11-10 14:32:50 0 [Note] InnoDB: Starting crash recovery from checkpoint LSN=371965
2021-11-10 14:32:50 0 [Note] InnoDB: 128 out of 128 rollback segments are active.
2021-11-10 14:32:50 0 [Note] InnoDB: Removed temporary tablespace data file: "ibtmp1"
2021-11-10 14:32:50 0 [Note] InnoDB: Creating shared tablespace for temporary tables
2021-11-10 14:32:50 0 [Note] InnoDB: Setting file 'C:\Users\miniluigi\ucfgithubproject\dig4104c-0077-group-8\develop-phase\xampp\mysql\data\ibtmp1' size to 12 MB. Physically writing the file full; Please wait ...
2021-11-10 14:32:50 0 [Note] InnoDB: File 'C:\Users\miniluigi\ucfgithubproject\dig4104c-0077-group-8\develop-phase\xampp\mysql\data\ibtmp1' size is now 12 MB.
2021-11-10 14:32:50 0 [Note] InnoDB: Waiting for purge to start
2021-11-10 14:32:50 0 [Note] InnoDB: 10.4.21 started; log sequence number 371974; transaction id 326
2021-11-10 14:32:50 0 [Note] InnoDB: Loading buffer pool(s) from C:\Users\miniluigi\ucfgithubproject\dig4104c-0077-group-8\develop-phase\xampp\mysql\data\ib_buffer_pool
2021-11-10 14:32:50 0 [Note] Plugin 'FEEDBACK' is disabled.
2021-11-10 14:32:50 0 [Note] Server socket created on IP: '::'.
2021-11-12 20:37:00 0 [Note] InnoDB: Mutexes and rw_locks use Windows interlocked functions
2021-11-12 20:37:00 0 [Note] InnoDB: Uses event mutexes
2021-11-12 20:37:00 0 [Note] InnoDB: Compressed tables use zlib 1.2.11
2021-11-12 20:37:00 0 [Note] InnoDB: Number of pools: 1
2021-11-12 20:37:00 0 [Note] InnoDB: Using SSE2 crc32 instructions
2021-11-12 20:37:00 0 [Note] InnoDB: Initializing buffer pool, total size = 16M, instances = 1, chunk size = 16M
2021-11-12 20:37:00 0 [Note] InnoDB: Completed initialization of buffer pool
2021-11-12 20:37:00 0 [Note] InnoDB: Starting crash recovery from checkpoint LSN=371983
2021-11-12 20:37:00 0 [Note] InnoDB: 128 out of 128 rollback segments are active.
2021-11-12 20:37:00 0 [Note] InnoDB: Removed temporary tablespace data file: "ibtmp1"
2021-11-12 20:37:00 0 [Note] InnoDB: Creating shared tablespace for temporary tables
2021-11-12 20:37:00 0 [Note] InnoDB: Setting file 'C:\Users\miniluigi\ucfgithubproject\dig4104c-0077-group-8\develop-phase\xampp\mysql\data\ibtmp1' size to 12 MB. Physically writing the file full; Please wait ...
2021-11-12 20:37:00 0 [Note] InnoDB: File 'C:\Users\miniluigi\ucfgithubproject\dig4104c-0077-group-8\develop-phase\xampp\mysql\data\ibtmp1' size is now 12 MB.
2021-11-12 20:37:00 0 [Note] InnoDB: Waiting for purge to start
2021-11-12 20:37:00 0 [Note] InnoDB: 10.4.21 started; log sequence number 371992; transaction id 326
2021-11-12 20:37:00 0 [Note] InnoDB: Loading buffer pool(s) from C:\Users\miniluigi\ucfgithubproject\dig4104c-0077-group-8\develop-phase\xampp\mysql\data\ib_buffer_pool
2021-11-12 20:37:00 0 [Note] Plugin 'FEEDBACK' is disabled.
2021-11-12 20:37:00 0 [Note] InnoDB: Buffer pool(s) load completed at 211112 20:37:00
2021-11-12 20:37:00 0 [Note] Server socket created on IP: '::'.
2021-11-12 20:38:47 0 [Note] InnoDB: Mutexes and rw_locks use Windows interlocked functions
2021-11-12 20:38:47 0 [Note] InnoDB: Uses event mutexes
2021-11-12 20:38:47 0 [Note] InnoDB: Compressed tables use zlib 1.2.11
2021-11-12 20:38:47 0 [Note] InnoDB: Number of pools: 1
2021-11-12 20:38:47 0 [Note] InnoDB: Using SSE2 crc32 instructions
2021-11-12 20:38:47 0 [Note] InnoDB: Initializing buffer pool, total size = 16M, instances = 1, chunk size = 16M
2021-11-12 20:38:47 0 [Note] InnoDB: Completed initialization of buffer pool
2021-11-12 20:38:47 0 [Note] InnoDB: Starting crash recovery from checkpoint LSN=372001
2021-11-12 20:38:47 0 [Note] InnoDB: 128 out of 128 rollback segments are active.
2021-11-12 20:38:47 0 [Note] InnoDB: Removed temporary tablespace data file: "ibtmp1"
2021-11-12 20:38:47 0 [Note] InnoDB: Creating shared tablespace for temporary tables
2021-11-12 20:38:47 0 [Note] InnoDB: Setting file 'C:\Users\miniluigi\ucfgithubproject\dig4104c-0077-group-8\develop-phase\xampp\mysql\data\ibtmp1' size to 12 MB. Physically writing the file full; Please wait ...
2021-11-12 20:38:47 0 [Note] InnoDB: File 'C:\Users\miniluigi\ucfgithubproject\dig4104c-0077-group-8\develop-phase\xampp\mysql\data\ibtmp1' size is now 12 MB.
2021-11-12 20:38:47 0 [Note] InnoDB: Waiting for purge to start
2021-11-12 20:38:47 0 [Note] InnoDB: 10.4.21 started; log sequence number 372010; transaction id 326
2021-11-12 20:38:47 0 [Note] InnoDB: Loading buffer pool(s) from C:\Users\miniluigi\ucfgithubproject\dig4104c-0077-group-8\develop-phase\xampp\mysql\data\ib_buffer_pool
2021-11-12 20:38:47 0 [Note] Plugin 'FEEDBACK' is disabled.
2021-11-12 20:38:47 0 [Note] Server socket created on IP: '::'.
2021-11-12 20:39:49 0 [Note] InnoDB: Mutexes and rw_locks use Windows interlocked functions
2021-11-12 20:39:49 0 [Note] InnoDB: Uses event mutexes
2021-11-12 20:39:49 0 [Note] InnoDB: Compressed tables use zlib 1.2.11
2021-11-12 20:39:49 0 [Note] InnoDB: Number of pools: 1
2021-11-12 20:39:49 0 [Note] InnoDB: Using SSE2 crc32 instructions
2021-11-12 20:39:49 0 [Note] InnoDB: Initializing buffer pool, total size = 16M, instances = 1, chunk size = 16M
2021-11-12 20:39:49 0 [Note] InnoDB: Completed initialization of buffer pool
2021-11-12 20:39:49 0 [Note] InnoDB: Starting crash recovery from checkpoint LSN=372019
2021-11-12 20:39:49 0 [Note] InnoDB: 128 out of 128 rollback segments are active.
2021-11-12 20:39:49 0 [Note] InnoDB: Removed temporary tablespace data file: "ibtmp1"
2021-11-12 20:39:49 0 [Note] InnoDB: Creating shared tablespace for temporary tables
2021-11-12 20:39:49 0 [Note] InnoDB: Setting file 'C:\Users\miniluigi\ucfgithubproject\dig4104c-0077-group-8\develop-phase\xampp\mysql\data\ibtmp1' size to 12 MB. Physically writing the file full; Please wait ...
2021-11-12 20:39:49 0 [Note] InnoDB: File 'C:\Users\miniluigi\ucfgithubproject\dig4104c-0077-group-8\develop-phase\xampp\mysql\data\ibtmp1' size is now 12 MB.
2021-11-12 20:39:49 0 [Note] InnoDB: Waiting for purge to start
2021-11-12 20:39:49 0 [Note] InnoDB: 10.4.21 started; log sequence number 372028; transaction id 326
2021-11-12 20:39:49 0 [Note] InnoDB: Loading buffer pool(s) from C:\Users\miniluigi\ucfgithubproject\dig4104c-0077-group-8\develop-phase\xampp\mysql\data\ib_buffer_pool
2021-11-12 20:39:49 0 [Note] Plugin 'FEEDBACK' is disabled.
2021-11-12 20:39:49 0 [Note] Server socket created on IP: '::'.
2021-11-12 20:40:09 0 [Note] InnoDB: Mutexes and rw_locks use Windows interlocked functions
2021-11-12 20:40:09 0 [Note] InnoDB: Uses event mutexes
2021-11-12 20:40:09 0 [Note] InnoDB: Compressed tables use zlib 1.2.11
2021-11-12 20:40:09 0 [Note] InnoDB: Number of pools: 1
2021-11-12 20:40:09 0 [Note] InnoDB: Using SSE2 crc32 instructions
2021-11-12 20:40:09 0 [Note] InnoDB: Initializing buffer pool, total size = 16M, instances = 1, chunk size = 16M
2021-11-12 20:40:09 0 [Note] InnoDB: Completed initialization of buffer pool
2021-11-12 20:40:09 0 [Note] InnoDB: Starting crash recovery from checkpoint LSN=372037
2021-11-12 20:40:09 0 [Note] InnoDB: 128 out of 128 rollback segments are active.
2021-11-12 20:40:09 0 [Note] InnoDB: Removed temporary tablespace data file: "ibtmp1"
2021-11-12 20:40:09 0 [Note] InnoDB: Creating shared tablespace for temporary tables
2021-11-12 20:40:09 0 [Note] InnoDB: Setting file 'C:\Users\miniluigi\ucfgithubproject\dig4104c-0077-group-8\develop-phase\xampp\mysql\data\ibtmp1' size to 12 MB. Physically writing the file full; Please wait ...
2021-11-12 20:40:09 0 [Note] InnoDB: File 'C:\Users\miniluigi\ucfgithubproject\dig4104c-0077-group-8\develop-phase\xampp\mysql\data\ibtmp1' size is now 12 MB.
2021-11-12 20:40:09 0 [Note] InnoDB: Waiting for purge to start
2021-11-12 20:40:09 0 [Note] InnoDB: 10.4.21 started; log sequence number 372046; transaction id 326
2021-11-12 20:40:09 0 [Note] InnoDB: Loading buffer pool(s) from C:\Users\miniluigi\ucfgithubproject\dig4104c-0077-group-8\develop-phase\xampp\mysql\data\ib_buffer_pool
2021-11-12 20:40:09 0 [Note] Plugin 'FEEDBACK' is disabled.
2021-11-12 20:40:09 0 [Note] Server socket created on IP: '::'.
